{
  "RSpec": {
    "coverage": {
      "/Users/taylormoore/turing/project/react-fun/app/helpers/application_helper.rb": [
        1,
        null
      ],
      "/Users/taylormoore/turing/project/react-fun/app/models/user.rb": [
        1,
        1,
        1,
        1,
        1,
        null,
        null,
        null,
        1,
        2,
        null,
        null
      ],
      "/Users/taylormoore/turing/project/react-fun/app/controllers/home_controller.rb": [
        1,
        null,
        1,
        null,
        null,
        null
      ],
      "/Users/taylormoore/turing/project/react-fun/app/controllers/application_controller.rb": [
        1,
        1,
        1,
        null,
        1,
        2,
        null,
        null
      ],
      "/Users/taylormoore/turing/project/react-fun/app/controllers/sessions_controller.rb": [
        1,
        null,
        1,
        1,
        1,
        1,
        1,
        null,
        0,
        null,
        null,
        null,
        null,
        null
      ],
      "/Users/taylormoore/turing/project/react-fun/app/controllers/deals_controller.rb": [
        1,
        null,
        1,
        null,
        null,
        null,
        null
      ],
      "/Users/taylormoore/turing/project/react-fun/app/controllers/users_controller.rb": [
        1,
        null,
        1,
        0,
        null,
        null,
        1,
        3,
        null,
        null,
        1,
        3,
        3,
        1,
        1,
        null,
        2,
        null,
        null,
        null,
        1,
        null,
        1,
        3,
        null,
        null,
        null
      ]
    },
    "timestamp": 1468276144
  }
}
